<?xml version="1.0" encoding="UTF-8"?>
<testsuite xmlns:xsi="http://www.w3.org/2001/XMLSchema-instance" xsi:noNamespaceSchemaLocation="https://maven.apache.org/surefire/maven-surefire-plugin/xsd/surefire-test-report-3.0.xsd" version="3.0" name="com.example.deleblog.repositories.UserRepositoryTest" time="2.615" tests="6" errors="0" skipped="0" failures="0">
  <properties>
[...]
</properties>
  <testcase name="checkIfEmailExists" classname="com.example.deleblog.repositories.UserRepositoryTest" time="0.067">
    <system-out><![CDATA[2023-12-03T02:39:17.319+01:00  INFO 22434 --- [           main] t.c.s.AnnotationConfigContextLoaderUtils : Could not detect default configuration classes for test class [com.example.deleblog.repositories.UserRepositoryTest]: UserRepositoryTest does not declare any static, non-private, non-final, nested classes annotated with @Configuration.
2023-12-03T02:39:17.475+01:00  INFO 22434 --- [           main] .b.t.c.SpringBootTestContextBootstrapper : Found @SpringBootConfiguration com.example.deleblog.DeleBlogApplication for test class com.example.deleblog.repositories.UserRepositoryTest
2023-12-03T02:39:17.498+01:00  INFO 22434 --- [           main] o.s.b.d.r.RestartApplicationListener     : Restart disabled due to context in which it is running

  .   ____          _            __ _ _
 /\\ / ___'_ __ _ _(_)_ __  __ _ \ \ \ \
( ( )\___ | '_ | '_| | '_ \/ _` | \ \ \ \
 \\/  ___)| |_)| | | | | || (_| |  ) ) ) )
  '  |____| .__|_| |_|_| |_\__, | / / / /
 =========|_|==============|___/=/_/_/_/
 :: Spring Boot ::                (v3.1.5)

2023-12-03T02:39:17.564+01:00  INFO 22434 --- [           main] c.e.d.repositories.UserRepositoryTest    : Starting UserRepositoryTest using Java 17.0.9 with PID 22434 (started by wikiwoo in /Users/wikiwoo/Downloads/deleBlog)
2023-12-03T02:39:17.566+01:00  INFO 22434 --- [           main] c.e.d.repositories.UserRepositoryTest    : The following 1 profile is active: "test"
2023-12-03T02:39:17.997+01:00  INFO 22434 --- [           main] .s.d.r.c.RepositoryConfigurationDelegate : Bootstrapping Spring Data JPA repositories in DEFAULT mode.
2023-12-03T02:39:18.031+01:00  INFO 22434 --- [           main] .s.d.r.c.RepositoryConfigurationDelegate : Finished Spring Data repository scanning in 33 ms. Found 4 JPA repository interfaces.
2023-12-03T02:39:18.074+01:00  INFO 22434 --- [           main] beddedDataSourceBeanFactoryPostProcessor : Replacing 'dataSource' DataSource bean with embedded version
2023-12-03T02:39:18.143+01:00  INFO 22434 --- [           main] o.s.j.d.e.EmbeddedDatabaseFactory        : Starting embedded database: url='jdbc:h2:mem:16cccd48-58b3-48f0-be91-2c7a96dc224b;DB_CLOSE_DELAY=-1;DB_CLOSE_ON_EXIT=false', username='sa'
2023-12-03T02:39:18.181+01:00  INFO 22434 --- [           main] o.hibernate.jpa.internal.util.LogHelper  : HHH000204: Processing PersistenceUnitInfo [name: default]
2023-12-03T02:39:18.189+01:00  INFO 22434 --- [           main] o.s.o.j.p.SpringPersistenceUnitInfo      : No LoadTimeWeaver setup: ignoring JPA class transformer
2023-12-03T02:39:18.191+01:00  WARN 22434 --- [           main] org.hibernate.orm.deprecation            : HHH90000025: H2Dialect does not need to be specified explicitly using 'hibernate.dialect' (remove the property setting and it will be selected by default)
2023-12-03T02:39:18.512+01:00  INFO 22434 --- [           main] o.h.e.t.j.p.i.JtaPlatformInitiator       : HHH000489: No JTA platform available (set 'hibernate.transaction.jta.platform' to enable JTA platform integration)
Hibernate: 
    drop table if exists comment cascade 
Hibernate: 
    drop table if exists likes cascade 
Hibernate: 
    drop table if exists post cascade 
Hibernate: 
    drop table if exists post_comment cascade 
Hibernate: 
    drop table if exists users cascade 
Hibernate: 
    create table comment (
        created_at timestamp(6),
        id bigint generated by default as identity,
        post_id bigint,
        updated_at timestamp(6),
        user_id bigint,
        comments varchar(255),
        primary key (id)
    )
Hibernate: 
    create table likes (
        cmomment_id bigint,
        id bigint generated by default as identity,
        post_id bigint,
        primary key (id)
    )
Hibernate: 
    create table post (
        created_at timestamp(6),
        id bigint generated by default as identity,
        updated_at timestamp(6),
        user_id bigint,
        categories varchar(255) check (categories in ('MaleWears','FemaleWears','Kiddies')),
        description varchar(255),
        image_url varchar(255),
        post_title varchar(255),
        primary key (id)
    )
Hibernate: 
    create table post_comment (
        comment_id bigint not null unique,
        post_id bigint not null
    )
Hibernate: 
    create table users (
        created_at timestamp(6),
        id bigint generated by default as identity,
        updated_at timestamp(6),
        email varchar(255),
        name varchar(255),
        password varchar(255),
        role varchar(255) check (role in ('ADMIN','CUSTOMERS')),
        username varchar(255),
        primary key (id)
    )
Hibernate: 
    alter table if exists comment 
       add constraint FKs1slvnkuemjsq2kj4h3vhx7i1 
       foreign key (post_id) 
       references post
Hibernate: 
    alter table if exists comment 
       add constraint FKqm52p1v3o13hy268he0wcngr5 
       foreign key (user_id) 
       references users
Hibernate: 
    alter table if exists likes 
       add constraint FKfjlu83waasxh7ypmoqgin6e24 
       foreign key (cmomment_id) 
       references comment
Hibernate: 
    alter table if exists likes 
       add constraint FKowd6f4s7x9f3w50pvlo6x3b41 
       foreign key (post_id) 
       references post
Hibernate: 
    alter table if exists post 
       add constraint FK7ky67sgi7k0ayf22652f7763r 
       foreign key (user_id) 
       references users
Hibernate: 
    alter table if exists post_comment 
       add constraint FKofgbyff9b6dlq90m73h1og30d 
       foreign key (comment_id) 
       references comment
Hibernate: 
    alter table if exists post_comment 
       add constraint FKna4y825fdc5hw8aow65ijexm0 
       foreign key (post_id) 
       references post
2023-12-03T02:39:18.544+01:00  INFO 22434 --- [           main] j.LocalContainerEntityManagerFactoryBean : Initialized JPA EntityManagerFactory for persistence unit 'default'
2023-12-03T02:39:18.873+01:00  INFO 22434 --- [           main] c.e.d.repositories.UserRepositoryTest    : Started UserRepositoryTest in 1.376 seconds (process running for 26.869)
]]></system-out>
  </testcase>
  <testcase name="findByRole" classname="com.example.deleblog.repositories.UserRepositoryTest" time="0.811">
    <system-out><![CDATA[Hibernate: 
    insert 
    into
        users
        (created_at,email,name,password,role,updated_at,username,id) 
    values
        (?,?,?,?,?,?,?,default)
Hibernate: 
    select
        u1_0.id,
        u1_0.created_at,
        u1_0.email,
        u1_0.name,
        u1_0.password,
        u1_0.role,
        u1_0.updated_at,
        u1_0.username 
    from
        users u1_0 
    where
        u1_0.role=?
]]></system-out>
  </testcase>
  <testcase name="existsByRole" classname="com.example.deleblog.repositories.UserRepositoryTest" time="0.072">
    <system-out><![CDATA[Hibernate: 
    insert 
    into
        users
        (created_at,email,name,password,role,updated_at,username,id) 
    values
        (?,?,?,?,?,?,?,default)
Hibernate: 
    select
        (count(u1_0.id)>0) 
    from
        users u1_0 
    where
        u1_0.role=?
]]></system-out>
  </testcase>
  <testcase name="savedUser" classname="com.example.deleblog.repositories.UserRepositoryTest" time="0.01">
    <system-out><![CDATA[Hibernate: 
    insert 
    into
        users
        (created_at,email,name,password,role,updated_at,username,id) 
    values
        (?,?,?,?,?,?,?,default)
]]></system-out>
  </testcase>
  <testcase name="findByEmailAndPassword" classname="com.example.deleblog.repositories.UserRepositoryTest" time="0.006"/>
  <testcase name="findByUsername" classname="com.example.deleblog.repositories.UserRepositoryTest" time="0.028">
    <system-out><![CDATA[Hibernate: 
    insert 
    into
        users
        (created_at,email,name,password,role,updated_at,username,id) 
    values
        (?,?,?,?,?,?,?,default)
Hibernate: 
    select
        u1_0.id,
        u1_0.created_at,
        u1_0.email,
        u1_0.name,
        u1_0.password,
        u1_0.role,
        u1_0.updated_at,
        u1_0.username 
    from
        users u1_0 
    where
        u1_0.username=?
]]></system-out>
  </testcase>
</testsuite>